<?xml version="1.0" encoding="UTF-8"?>
<!-- Generated by org.testng.reporters.JUnitXMLReporter -->
<testsuite hostname="Lenovo-PC" ignored="0" name="Test" tests="3" failures="2" timestamp="19 Feb 2019 14:20:17 GMT" time="46.34" errors="0">
  <testcase name="testCase1" time="11.614" classname="ReportExample.TestCases">
    <failure type="java.lang.AssertionError" message="expected [true] but found [false]">
      <![CDATA[java.lang.AssertionError: expected [true] but found [false]
at ReportExample.TestCases.testCase1(TestCases.java:35)
... Removed 29 stack frames]]>
    </failure>
  </testcase> <!-- testCase1 -->
  <testcase name="testCase2" time="19.835" classname="ReportExample.TestCases">
    <failure type="java.lang.AssertionError" message="expected [true] but found [false]">
      <![CDATA[java.lang.AssertionError: expected [true] but found [false]
at ReportExample.TestCases.testCase2(TestCases.java:42)
... Removed 29 stack frames]]>
    </failure>
  </testcase> <!-- testCase2 -->
  <testcase name="testCase3" time="10.333" classname="ReportExample.TestCases"/>
</testsuite> <!-- Test -->
